<?xml version="1.0" encoding="utf-8"?><testsuites><testsuite name="pytest" errors="0" failures="0" skipped="0" tests="0" time="1.715" timestamp="2023-09-26T21:38:52.912254" hostname="DESKTOP-IL8UJN0" /></testsuites>